c:\users\meetch\documents\final year project\project\project\debug\project.obj
c:\users\meetch\documents\final year project\project\project\debug\gameobjects.obj
c:\users\meetch\documents\final year project\project\project\debug\qrc_project.obj
c:\users\meetch\documents\final year project\project\project\debug\vc110.pdb
c:\users\meetch\documents\final year project\project\project\debug\sqlite3.obj
c:\users\meetch\documents\final year project\project\project\debug\main.obj
c:\users\meetch\documents\final year project\project\project\debug\moc_project.obj
c:\users\meetch\documents\final year project\project\project\debug\gamecontrollers.obj
c:\users\meetch\documents\final year project\project\project\debug\matchscreen.obj
c:\users\meetch\documents\final year project\project\project\debug\moc_matchscreen.obj
c:\users\meetch\documents\final year project\project\project\generatedfiles\qrc_project.cpp
c:\users\meetch\documents\final year project\project\project\generatedfiles\ui_matchscreen.h
c:\users\meetch\documents\final year project\project\project\generatedfiles\ui_project.h
c:\users\meetch\documents\final year project\project\project\generatedfiles\debug\moc_matchscreen.cpp
c:\users\meetch\documents\final year project\project\project\generatedfiles\debug\moc_project.cpp
c:\users\meetch\documents\final year project\project\win32\debug\project.ilk
c:\users\meetch\documents\final year project\project\win32\debug\project.exe
c:\users\meetch\documents\final year project\project\win32\debug\project.pdb
c:\users\meetch\documents\final year project\project\project\debug\cl.command.1.tlog
c:\users\meetch\documents\final year project\project\project\debug\cl.read.1.tlog
c:\users\meetch\documents\final year project\project\project\debug\cl.write.1.tlog
c:\users\meetch\documents\final year project\project\project\debug\custombuild.command.1.tlog
c:\users\meetch\documents\final year project\project\project\debug\custombuild.read.1.tlog
c:\users\meetch\documents\final year project\project\project\debug\custombuild.write.1.tlog
c:\users\meetch\documents\final year project\project\project\debug\link-cvtres.read.1.tlog
c:\users\meetch\documents\final year project\project\project\debug\link-cvtres.write.1.tlog
c:\users\meetch\documents\final year project\project\project\debug\link-rc.read.1.tlog
c:\users\meetch\documents\final year project\project\project\debug\link-rc.write.1.tlog
c:\users\meetch\documents\final year project\project\project\debug\link.10196-cvtres.read.1.tlog
c:\users\meetch\documents\final year project\project\project\debug\link.10196-cvtres.write.1.tlog
c:\users\meetch\documents\final year project\project\project\debug\link.10196-rc.read.1.tlog
c:\users\meetch\documents\final year project\project\project\debug\link.10196-rc.write.1.tlog
c:\users\meetch\documents\final year project\project\project\debug\link.10196.read.1.tlog
c:\users\meetch\documents\final year project\project\project\debug\link.10196.write.1.tlog
c:\users\meetch\documents\final year project\project\project\debug\link.11580-cvtres.read.1.tlog
c:\users\meetch\documents\final year project\project\project\debug\link.11580-cvtres.write.1.tlog
c:\users\meetch\documents\final year project\project\project\debug\link.11580-rc.read.1.tlog
c:\users\meetch\documents\final year project\project\project\debug\link.11580-rc.write.1.tlog
c:\users\meetch\documents\final year project\project\project\debug\link.11580.read.1.tlog
c:\users\meetch\documents\final year project\project\project\debug\link.11580.write.1.tlog
c:\users\meetch\documents\final year project\project\project\debug\link.12356-cvtres.read.1.tlog
c:\users\meetch\documents\final year project\project\project\debug\link.12356-cvtres.write.1.tlog
c:\users\meetch\documents\final year project\project\project\debug\link.12356-rc.read.1.tlog
c:\users\meetch\documents\final year project\project\project\debug\link.12356-rc.write.1.tlog
c:\users\meetch\documents\final year project\project\project\debug\link.12356.read.1.tlog
c:\users\meetch\documents\final year project\project\project\debug\link.12356.write.1.tlog
c:\users\meetch\documents\final year project\project\project\debug\link.13256-cvtres.read.1.tlog
c:\users\meetch\documents\final year project\project\project\debug\link.13256-cvtres.write.1.tlog
c:\users\meetch\documents\final year project\project\project\debug\link.13256-rc.read.1.tlog
c:\users\meetch\documents\final year project\project\project\debug\link.13256-rc.write.1.tlog
c:\users\meetch\documents\final year project\project\project\debug\link.13256.read.1.tlog
c:\users\meetch\documents\final year project\project\project\debug\link.13256.write.1.tlog
c:\users\meetch\documents\final year project\project\project\debug\link.13688-cvtres.read.1.tlog
c:\users\meetch\documents\final year project\project\project\debug\link.13688-cvtres.write.1.tlog
c:\users\meetch\documents\final year project\project\project\debug\link.13688-rc.read.1.tlog
c:\users\meetch\documents\final year project\project\project\debug\link.13688-rc.write.1.tlog
c:\users\meetch\documents\final year project\project\project\debug\link.13688.read.1.tlog
c:\users\meetch\documents\final year project\project\project\debug\link.13688.write.1.tlog
c:\users\meetch\documents\final year project\project\project\debug\link.13748-cvtres.read.1.tlog
c:\users\meetch\documents\final year project\project\project\debug\link.13748-cvtres.write.1.tlog
c:\users\meetch\documents\final year project\project\project\debug\link.13748-rc.read.1.tlog
c:\users\meetch\documents\final year project\project\project\debug\link.13748-rc.write.1.tlog
c:\users\meetch\documents\final year project\project\project\debug\link.13748.read.1.tlog
c:\users\meetch\documents\final year project\project\project\debug\link.13748.write.1.tlog
c:\users\meetch\documents\final year project\project\project\debug\link.14992-cvtres.read.1.tlog
c:\users\meetch\documents\final year project\project\project\debug\link.14992-cvtres.write.1.tlog
c:\users\meetch\documents\final year project\project\project\debug\link.14992-rc.read.1.tlog
c:\users\meetch\documents\final year project\project\project\debug\link.14992-rc.write.1.tlog
c:\users\meetch\documents\final year project\project\project\debug\link.14992.read.1.tlog
c:\users\meetch\documents\final year project\project\project\debug\link.14992.write.1.tlog
c:\users\meetch\documents\final year project\project\project\debug\link.15000-cvtres.read.1.tlog
c:\users\meetch\documents\final year project\project\project\debug\link.15000-cvtres.write.1.tlog
c:\users\meetch\documents\final year project\project\project\debug\link.15000-rc.read.1.tlog
c:\users\meetch\documents\final year project\project\project\debug\link.15000-rc.write.1.tlog
c:\users\meetch\documents\final year project\project\project\debug\link.15000.read.1.tlog
c:\users\meetch\documents\final year project\project\project\debug\link.15000.write.1.tlog
c:\users\meetch\documents\final year project\project\project\debug\link.15168-cvtres.read.1.tlog
c:\users\meetch\documents\final year project\project\project\debug\link.15168-cvtres.write.1.tlog
c:\users\meetch\documents\final year project\project\project\debug\link.15168-rc.read.1.tlog
c:\users\meetch\documents\final year project\project\project\debug\link.15168-rc.write.1.tlog
c:\users\meetch\documents\final year project\project\project\debug\link.15168.read.1.tlog
c:\users\meetch\documents\final year project\project\project\debug\link.15168.write.1.tlog
c:\users\meetch\documents\final year project\project\project\debug\link.16024-cvtres.read.1.tlog
c:\users\meetch\documents\final year project\project\project\debug\link.16024-cvtres.write.1.tlog
c:\users\meetch\documents\final year project\project\project\debug\link.16024-rc.read.1.tlog
c:\users\meetch\documents\final year project\project\project\debug\link.16024-rc.write.1.tlog
c:\users\meetch\documents\final year project\project\project\debug\link.16024.read.1.tlog
c:\users\meetch\documents\final year project\project\project\debug\link.16024.write.1.tlog
c:\users\meetch\documents\final year project\project\project\debug\link.16612-cvtres.read.1.tlog
c:\users\meetch\documents\final year project\project\project\debug\link.16612-cvtres.write.1.tlog
c:\users\meetch\documents\final year project\project\project\debug\link.16612-rc.read.1.tlog
c:\users\meetch\documents\final year project\project\project\debug\link.16612-rc.write.1.tlog
c:\users\meetch\documents\final year project\project\project\debug\link.16612.read.1.tlog
c:\users\meetch\documents\final year project\project\project\debug\link.16612.write.1.tlog
c:\users\meetch\documents\final year project\project\project\debug\link.16756-cvtres.read.1.tlog
c:\users\meetch\documents\final year project\project\project\debug\link.16756-cvtres.write.1.tlog
c:\users\meetch\documents\final year project\project\project\debug\link.16756-rc.read.1.tlog
c:\users\meetch\documents\final year project\project\project\debug\link.16756-rc.write.1.tlog
c:\users\meetch\documents\final year project\project\project\debug\link.16756.read.1.tlog
c:\users\meetch\documents\final year project\project\project\debug\link.16756.write.1.tlog
c:\users\meetch\documents\final year project\project\project\debug\link.16772-cvtres.read.1.tlog
c:\users\meetch\documents\final year project\project\project\debug\link.16772-cvtres.write.1.tlog
c:\users\meetch\documents\final year project\project\project\debug\link.16772-rc.read.1.tlog
c:\users\meetch\documents\final year project\project\project\debug\link.16772-rc.write.1.tlog
c:\users\meetch\documents\final year project\project\project\debug\link.16772.read.1.tlog
c:\users\meetch\documents\final year project\project\project\debug\link.16772.write.1.tlog
c:\users\meetch\documents\final year project\project\project\debug\link.19568-cvtres.read.1.tlog
c:\users\meetch\documents\final year project\project\project\debug\link.19568-cvtres.write.1.tlog
c:\users\meetch\documents\final year project\project\project\debug\link.19568-rc.read.1.tlog
c:\users\meetch\documents\final year project\project\project\debug\link.19568-rc.write.1.tlog
c:\users\meetch\documents\final year project\project\project\debug\link.19568.read.1.tlog
c:\users\meetch\documents\final year project\project\project\debug\link.19568.write.1.tlog
c:\users\meetch\documents\final year project\project\project\debug\link.3300-cvtres.read.1.tlog
c:\users\meetch\documents\final year project\project\project\debug\link.3300-cvtres.write.1.tlog
c:\users\meetch\documents\final year project\project\project\debug\link.3300-rc.read.1.tlog
c:\users\meetch\documents\final year project\project\project\debug\link.3300-rc.write.1.tlog
c:\users\meetch\documents\final year project\project\project\debug\link.3300.read.1.tlog
c:\users\meetch\documents\final year project\project\project\debug\link.3300.write.1.tlog
c:\users\meetch\documents\final year project\project\project\debug\link.3992-cvtres.read.1.tlog
c:\users\meetch\documents\final year project\project\project\debug\link.3992-cvtres.write.1.tlog
c:\users\meetch\documents\final year project\project\project\debug\link.3992-rc.read.1.tlog
c:\users\meetch\documents\final year project\project\project\debug\link.3992-rc.write.1.tlog
c:\users\meetch\documents\final year project\project\project\debug\link.3992.read.1.tlog
c:\users\meetch\documents\final year project\project\project\debug\link.3992.write.1.tlog
c:\users\meetch\documents\final year project\project\project\debug\link.5212-cvtres.read.1.tlog
c:\users\meetch\documents\final year project\project\project\debug\link.5212-cvtres.write.1.tlog
c:\users\meetch\documents\final year project\project\project\debug\link.5212-rc.read.1.tlog
c:\users\meetch\documents\final year project\project\project\debug\link.5212-rc.write.1.tlog
c:\users\meetch\documents\final year project\project\project\debug\link.5212.read.1.tlog
c:\users\meetch\documents\final year project\project\project\debug\link.5212.write.1.tlog
c:\users\meetch\documents\final year project\project\project\debug\link.5480-cvtres.read.1.tlog
c:\users\meetch\documents\final year project\project\project\debug\link.5480-cvtres.write.1.tlog
c:\users\meetch\documents\final year project\project\project\debug\link.5480-rc.read.1.tlog
c:\users\meetch\documents\final year project\project\project\debug\link.5480-rc.write.1.tlog
c:\users\meetch\documents\final year project\project\project\debug\link.5480.read.1.tlog
c:\users\meetch\documents\final year project\project\project\debug\link.5480.write.1.tlog
c:\users\meetch\documents\final year project\project\project\debug\link.5844-cvtres.read.1.tlog
c:\users\meetch\documents\final year project\project\project\debug\link.5844-cvtres.write.1.tlog
c:\users\meetch\documents\final year project\project\project\debug\link.5844-rc.read.1.tlog
c:\users\meetch\documents\final year project\project\project\debug\link.5844-rc.write.1.tlog
c:\users\meetch\documents\final year project\project\project\debug\link.5844.read.1.tlog
c:\users\meetch\documents\final year project\project\project\debug\link.5844.write.1.tlog
c:\users\meetch\documents\final year project\project\project\debug\link.9064-cvtres.read.1.tlog
c:\users\meetch\documents\final year project\project\project\debug\link.9064-cvtres.write.1.tlog
c:\users\meetch\documents\final year project\project\project\debug\link.9064-rc.read.1.tlog
c:\users\meetch\documents\final year project\project\project\debug\link.9064-rc.write.1.tlog
c:\users\meetch\documents\final year project\project\project\debug\link.9064.read.1.tlog
c:\users\meetch\documents\final year project\project\project\debug\link.9064.write.1.tlog
c:\users\meetch\documents\final year project\project\project\debug\link.command.1.tlog
c:\users\meetch\documents\final year project\project\project\debug\link.read.1.tlog
c:\users\meetch\documents\final year project\project\project\debug\link.write.1.tlog
c:\users\meetch\documents\final year project\project\project\debug\vc120.pdb
